nohup: 忽略输入
Experiment: TFBind8-Exact-v0 | Device: cuda
Loading task: TFBind8-Exact-v0...
Data Processed (One-Hot+Noise). X_dim=32. Y_norm Mean=0.00, Std=1.00
Strategy: Optimize Bottom 50% -> Top 50%
Pools: Source=16448, Target=1646
Starting Semantic Pairing (Pools: Low=16448, High=1646)...
Pairing complete. Created 16448 pairs.
Model Input Dimension: 32

Training Score Proxy (for Guidance)...
Proxy Training Data Shape: torch.Size([32896, 32])
Proxy Epoch 10/50 | Loss: 0.3434
Proxy Epoch 20/50 | Loss: 0.1877
Proxy Epoch 30/50 | Loss: 0.0129
Proxy Epoch 40/50 | Loss: 0.0252
Proxy Epoch 50/50 | Loss: 0.0123

Start Training Flow Model...
Flow Epoch 10/100 | Loss: 0.403808
Flow Epoch 20/100 | Loss: 0.321561
Flow Epoch 30/100 | Loss: 0.288184
Flow Epoch 40/100 | Loss: 0.269677
Flow Epoch 50/100 | Loss: 0.253994
Flow Epoch 60/100 | Loss: 0.241819
Flow Epoch 70/100 | Loss: 0.229969
Flow Epoch 80/100 | Loss: 0.223677
Flow Epoch 90/100 | Loss: 0.214998
Flow Epoch 100/100 | Loss: 0.210767

Running Evaluation with Guidance...
Max Training Sigma: 1.4803
Conditioning on Target Score: 1.6283
------------------------------
Optimization Results (Top 128 samples optimized):
Original Score Mean: -3.2621
Optimized Score Mean (valid only): 0.2851
Optimized Score Max (valid only):  0.6832
Normalized Percentile Scores (100th / 80th / 50th): 0.8613 | 0.8136 | 0.7856
Average Improvement (valid only):  3.5471
------------------------------
Seed: 0 completed
Experiment: TFBind8-Exact-v0 | Device: cuda
Loading task: TFBind8-Exact-v0...
Data Processed (One-Hot+Noise). X_dim=32. Y_norm Mean=0.00, Std=1.00
Strategy: Optimize Bottom 50% -> Top 50%
Pools: Source=16448, Target=1646
Starting Semantic Pairing (Pools: Low=16448, High=1646)...
Pairing complete. Created 16448 pairs.
Model Input Dimension: 32

Training Score Proxy (for Guidance)...
Proxy Training Data Shape: torch.Size([32896, 32])
Proxy Epoch 10/50 | Loss: 0.1602
Proxy Epoch 20/50 | Loss: 0.1486
Proxy Epoch 30/50 | Loss: 0.0243
Proxy Epoch 40/50 | Loss: 0.0141
Proxy Epoch 50/50 | Loss: 0.0125

Start Training Flow Model...
Flow Epoch 10/100 | Loss: 0.400415
Flow Epoch 20/100 | Loss: 0.320950
Flow Epoch 30/100 | Loss: 0.291994
Flow Epoch 40/100 | Loss: 0.272501
Flow Epoch 50/100 | Loss: 0.256228
Flow Epoch 60/100 | Loss: 0.241570
Flow Epoch 70/100 | Loss: 0.231042
Flow Epoch 80/100 | Loss: 0.224424
Flow Epoch 90/100 | Loss: 0.213330
Flow Epoch 100/100 | Loss: 0.206306

Running Evaluation with Guidance...
Max Training Sigma: 1.4803
Conditioning on Target Score: 1.6283
------------------------------
Optimization Results (Top 128 samples optimized):
Original Score Mean: -3.2621
Optimized Score Mean (valid only): 0.3603
Optimized Score Max (valid only):  0.9029
Normalized Percentile Scores (100th / 80th / 50th): 0.8995 | 0.8191 | 0.8005
Average Improvement (valid only):  3.6223
------------------------------
Seed: 1 completed
Experiment: TFBind8-Exact-v0 | Device: cuda
Loading task: TFBind8-Exact-v0...
Data Processed (One-Hot+Noise). X_dim=32. Y_norm Mean=0.00, Std=1.00
Strategy: Optimize Bottom 50% -> Top 50%
Pools: Source=16448, Target=1646
Starting Semantic Pairing (Pools: Low=16448, High=1646)...
Pairing complete. Created 16448 pairs.
Model Input Dimension: 32

Training Score Proxy (for Guidance)...
Proxy Training Data Shape: torch.Size([32896, 32])
Proxy Epoch 10/50 | Loss: 0.3374
Proxy Epoch 20/50 | Loss: 0.1645
Proxy Epoch 30/50 | Loss: 0.0117
Proxy Epoch 40/50 | Loss: 0.0238
Proxy Epoch 50/50 | Loss: 0.0097

Start Training Flow Model...
Flow Epoch 10/100 | Loss: 0.404505
Flow Epoch 20/100 | Loss: 0.326954
Flow Epoch 30/100 | Loss: 0.295168
Flow Epoch 40/100 | Loss: 0.275914
Flow Epoch 50/100 | Loss: 0.256836
Flow Epoch 60/100 | Loss: 0.244795
Flow Epoch 70/100 | Loss: 0.232228
Flow Epoch 80/100 | Loss: 0.224209
Flow Epoch 90/100 | Loss: 0.222680
Flow Epoch 100/100 | Loss: 0.218182

Running Evaluation with Guidance...
Max Training Sigma: 1.4803
Conditioning on Target Score: 1.6283
------------------------------
Optimization Results (Top 128 samples optimized):
Original Score Mean: -3.2621
Optimized Score Mean (valid only): 0.3309
Optimized Score Max (valid only):  0.7441
Normalized Percentile Scores (100th / 80th / 50th): 0.8719 | 0.8177 | 0.8023
Average Improvement (valid only):  3.5930
------------------------------
Seed: 2 completed
Experiment: TFBind8-Exact-v0 | Device: cuda
Loading task: TFBind8-Exact-v0...
Data Processed (One-Hot+Noise). X_dim=32. Y_norm Mean=0.00, Std=1.00
Strategy: Optimize Bottom 50% -> Top 50%
Pools: Source=16448, Target=1646
Starting Semantic Pairing (Pools: Low=16448, High=1646)...
Pairing complete. Created 16448 pairs.
Model Input Dimension: 32

Training Score Proxy (for Guidance)...
Proxy Training Data Shape: torch.Size([32896, 32])
Proxy Epoch 10/50 | Loss: 0.0361
Proxy Epoch 20/50 | Loss: 0.0450
Proxy Epoch 30/50 | Loss: 0.0384
Proxy Epoch 40/50 | Loss: 0.0092
Proxy Epoch 50/50 | Loss: 0.0067

Start Training Flow Model...
Flow Epoch 10/100 | Loss: 0.402298
Flow Epoch 20/100 | Loss: 0.322227
Flow Epoch 30/100 | Loss: 0.288009
Flow Epoch 40/100 | Loss: 0.268202
Flow Epoch 50/100 | Loss: 0.251437
Flow Epoch 60/100 | Loss: 0.244527
Flow Epoch 70/100 | Loss: 0.228700
Flow Epoch 80/100 | Loss: 0.225780
Flow Epoch 90/100 | Loss: 0.214541
Flow Epoch 100/100 | Loss: 0.208751

Running Evaluation with Guidance...
Max Training Sigma: 1.4803
Conditioning on Target Score: 1.6283
------------------------------
Optimization Results (Top 128 samples optimized):
Original Score Mean: -3.2621
Optimized Score Mean (valid only): 0.4052
Optimized Score Max (valid only):  0.9729
Normalized Percentile Scores (100th / 80th / 50th): 0.9117 | 0.8372 | 0.8100
Average Improvement (valid only):  3.6672
------------------------------
Seed: 3 completed
Experiment: TFBind8-Exact-v0 | Device: cuda
Loading task: TFBind8-Exact-v0...
Data Processed (One-Hot+Noise). X_dim=32. Y_norm Mean=0.00, Std=1.00
Strategy: Optimize Bottom 50% -> Top 50%
Pools: Source=16448, Target=1646
Starting Semantic Pairing (Pools: Low=16448, High=1646)...
Pairing complete. Created 16448 pairs.
Model Input Dimension: 32

Training Score Proxy (for Guidance)...
Proxy Training Data Shape: torch.Size([32896, 32])
Proxy Epoch 10/50 | Loss: 0.3052
Proxy Epoch 20/50 | Loss: 0.1761
Proxy Epoch 30/50 | Loss: 0.0141
Proxy Epoch 40/50 | Loss: 0.0198
Proxy Epoch 50/50 | Loss: 0.0109

Start Training Flow Model...
Flow Epoch 10/100 | Loss: 0.399226
Flow Epoch 20/100 | Loss: 0.322094
Flow Epoch 30/100 | Loss: 0.286105
Flow Epoch 40/100 | Loss: 0.267762
Flow Epoch 50/100 | Loss: 0.250539
Flow Epoch 60/100 | Loss: 0.240126
Flow Epoch 70/100 | Loss: 0.227779
Flow Epoch 80/100 | Loss: 0.219779
Flow Epoch 90/100 | Loss: 0.213729
Flow Epoch 100/100 | Loss: 0.210054

Running Evaluation with Guidance...
Max Training Sigma: 1.4803
Conditioning on Target Score: 1.6283
------------------------------
Optimization Results (Top 128 samples optimized):
Original Score Mean: -3.2621
Optimized Score Mean (valid only): 0.3445
Optimized Score Max (valid only):  0.8080
Normalized Percentile Scores (100th / 80th / 50th): 0.8830 | 0.8221 | 0.7965
Average Improvement (valid only):  3.6065
------------------------------
Seed: 4 completed
Experiment: TFBind8-Exact-v0 | Device: cuda
Loading task: TFBind8-Exact-v0...
Data Processed (One-Hot+Noise). X_dim=32. Y_norm Mean=0.00, Std=1.00
Strategy: Optimize Bottom 50% -> Top 50%
Pools: Source=16448, Target=1646
Starting Semantic Pairing (Pools: Low=16448, High=1646)...
Pairing complete. Created 16448 pairs.
Model Input Dimension: 32

Training Score Proxy (for Guidance)...
Proxy Training Data Shape: torch.Size([32896, 32])
Proxy Epoch 10/50 | Loss: 0.4002
Proxy Epoch 20/50 | Loss: 0.1652
Proxy Epoch 30/50 | Loss: 0.0091
Proxy Epoch 40/50 | Loss: 0.0253
Proxy Epoch 50/50 | Loss: 0.0103

Start Training Flow Model...
Flow Epoch 10/100 | Loss: 0.403848
Flow Epoch 20/100 | Loss: 0.325306
Flow Epoch 30/100 | Loss: 0.292033
Flow Epoch 40/100 | Loss: 0.273968
Flow Epoch 50/100 | Loss: 0.257889
Flow Epoch 60/100 | Loss: 0.248787
Flow Epoch 70/100 | Loss: 0.240015
Flow Epoch 80/100 | Loss: 0.227682
Flow Epoch 90/100 | Loss: 0.218706
Flow Epoch 100/100 | Loss: 0.216362

Running Evaluation with Guidance...
Max Training Sigma: 1.4803
Conditioning on Target Score: 1.6283
------------------------------
Optimization Results (Top 128 samples optimized):
Original Score Mean: -3.2621
Optimized Score Mean (valid only): 0.3648
Optimized Score Max (valid only):  0.7641
Normalized Percentile Scores (100th / 80th / 50th): 0.8754 | 0.8252 | 0.8020
Average Improvement (valid only):  3.6268
------------------------------
Seed: 5 completed
Experiment: TFBind8-Exact-v0 | Device: cuda
Loading task: TFBind8-Exact-v0...
Data Processed (One-Hot+Noise). X_dim=32. Y_norm Mean=0.00, Std=1.00
Strategy: Optimize Bottom 50% -> Top 50%
Pools: Source=16448, Target=1646
Starting Semantic Pairing (Pools: Low=16448, High=1646)...
Pairing complete. Created 16448 pairs.
Model Input Dimension: 32

Training Score Proxy (for Guidance)...
Proxy Training Data Shape: torch.Size([32896, 32])
Proxy Epoch 10/50 | Loss: 0.3544
Proxy Epoch 20/50 | Loss: 0.1833
Proxy Epoch 30/50 | Loss: 0.0126
Proxy Epoch 40/50 | Loss: 0.0257
Proxy Epoch 50/50 | Loss: 0.0116

Start Training Flow Model...
Flow Epoch 10/100 | Loss: 0.414718
Flow Epoch 20/100 | Loss: 0.330985
Flow Epoch 30/100 | Loss: 0.294898
Flow Epoch 40/100 | Loss: 0.278796
Flow Epoch 50/100 | Loss: 0.266947
Flow Epoch 60/100 | Loss: 0.250627
Flow Epoch 70/100 | Loss: 0.237955
Flow Epoch 80/100 | Loss: 0.231336
Flow Epoch 90/100 | Loss: 0.223289
Flow Epoch 100/100 | Loss: 0.220609

Running Evaluation with Guidance...
Max Training Sigma: 1.4803
Conditioning on Target Score: 1.6283
------------------------------
Optimization Results (Top 128 samples optimized):
Original Score Mean: -3.2621
Optimized Score Mean (valid only): 0.3902
Optimized Score Max (valid only):  0.8965
Normalized Percentile Scores (100th / 80th / 50th): 0.8984 | 0.8451 | 0.8024
Average Improvement (valid only):  3.6523
------------------------------
Seed: 6 completed
Experiment: TFBind8-Exact-v0 | Device: cuda
Loading task: TFBind8-Exact-v0...
Data Processed (One-Hot+Noise). X_dim=32. Y_norm Mean=0.00, Std=1.00
Strategy: Optimize Bottom 50% -> Top 50%
Pools: Source=16448, Target=1646
Starting Semantic Pairing (Pools: Low=16448, High=1646)...
Pairing complete. Created 16448 pairs.
Model Input Dimension: 32

Training Score Proxy (for Guidance)...
Proxy Training Data Shape: torch.Size([32896, 32])
Proxy Epoch 10/50 | Loss: 0.4531
Proxy Epoch 20/50 | Loss: 0.1627
Proxy Epoch 30/50 | Loss: 0.0116
Proxy Epoch 40/50 | Loss: 0.0296
Proxy Epoch 50/50 | Loss: 0.0091

Start Training Flow Model...
Flow Epoch 10/100 | Loss: 0.404792
Flow Epoch 20/100 | Loss: 0.324939
Flow Epoch 30/100 | Loss: 0.293051
Flow Epoch 40/100 | Loss: 0.274050
Flow Epoch 50/100 | Loss: 0.256853
Flow Epoch 60/100 | Loss: 0.242691
Flow Epoch 70/100 | Loss: 0.237357
Flow Epoch 80/100 | Loss: 0.227831
Flow Epoch 90/100 | Loss: 0.218902
Flow Epoch 100/100 | Loss: 0.211846

Running Evaluation with Guidance...
Max Training Sigma: 1.4803
Conditioning on Target Score: 1.6283
------------------------------
Optimization Results (Top 128 samples optimized):
Original Score Mean: -3.2621
Optimized Score Mean (valid only): 0.3238
Optimized Score Max (valid only):  0.9884
Normalized Percentile Scores (100th / 80th / 50th): 0.9144 | 0.8161 | 0.7939
Average Improvement (valid only):  3.5859
------------------------------
Seed: 7 completed
