nohup: 忽略输入
Experiment: TFBind8-Exact-v0 | Device: cuda
Loading task: TFBind8-Exact-v0...
Data Processed (One-Hot+Noise). X_dim=32. Y_norm Mean=0.00, Std=1.00
Strategy: Optimize Bottom 50% -> Top 50%
Pools: Source=16448, Target=6580
Starting Semantic Pairing (Pools: Low=16448, High=6580)...
Pairing complete. Created 16448 pairs.
Model Input Dimension: 32

Training Score Proxy (for Guidance)...
Proxy Training Data Shape: torch.Size([32896, 32])
Proxy Epoch 10/50 | Loss: 0.3429
Proxy Epoch 20/50 | Loss: 0.1863
Proxy Epoch 30/50 | Loss: 0.0131
Proxy Epoch 40/50 | Loss: 0.0269
Proxy Epoch 50/50 | Loss: 0.0132

Start Training Flow Model...
Flow Epoch 10/100 | Loss: 0.511610
Flow Epoch 20/100 | Loss: 0.421080
Flow Epoch 30/100 | Loss: 0.379737
Flow Epoch 40/100 | Loss: 0.353987
Flow Epoch 50/100 | Loss: 0.335134
Flow Epoch 60/100 | Loss: 0.320431
Flow Epoch 70/100 | Loss: 0.305305
Flow Epoch 80/100 | Loss: 0.295326
Flow Epoch 90/100 | Loss: 0.284445
Flow Epoch 100/100 | Loss: 0.276272

Running Evaluation with Guidance...
Max Training Sigma: 1.4803
Conditioning on Target Score: 1.6283
iteration, guidance_scale 0 1.0
x_reshaped.shape
torch.Size([128, 8, 4])
------------------------------
Optimization Results (Top 128 samples optimized):
Original Score Mean: -3.2621
Optimized Score Mean (valid only): 0.5549
Optimized Score Max (valid only):  0.8735
Normalized Percentile Scores (100th / 80th / 50th): 0.8735 | 0.6576 | 0.5454
Average Improvement (valid only):  3.8169
------------------------------
Seed: 0 completed
Experiment: TFBind8-Exact-v0 | Device: cuda
Loading task: TFBind8-Exact-v0...
Data Processed (One-Hot+Noise). X_dim=32. Y_norm Mean=0.00, Std=1.00
Strategy: Optimize Bottom 50% -> Top 50%
Pools: Source=16448, Target=6580
Starting Semantic Pairing (Pools: Low=16448, High=6580)...
Pairing complete. Created 16448 pairs.
Model Input Dimension: 32

Training Score Proxy (for Guidance)...
Proxy Training Data Shape: torch.Size([32896, 32])
Proxy Epoch 10/50 | Loss: 0.1604
Proxy Epoch 20/50 | Loss: 0.1516
Proxy Epoch 30/50 | Loss: 0.0243
Proxy Epoch 40/50 | Loss: 0.0157
Proxy Epoch 50/50 | Loss: 0.0136

Start Training Flow Model...
Flow Epoch 10/100 | Loss: 0.514632
Flow Epoch 20/100 | Loss: 0.423468
Flow Epoch 30/100 | Loss: 0.385449
Flow Epoch 40/100 | Loss: 0.360486
Flow Epoch 50/100 | Loss: 0.339516
Flow Epoch 60/100 | Loss: 0.322989
Flow Epoch 70/100 | Loss: 0.309706
Flow Epoch 80/100 | Loss: 0.298902
Flow Epoch 90/100 | Loss: 0.286509
Flow Epoch 100/100 | Loss: 0.277517

Running Evaluation with Guidance...
Max Training Sigma: 1.4803
Conditioning on Target Score: 1.6283
iteration, guidance_scale 0 1.0
x_reshaped.shape
torch.Size([128, 8, 4])
------------------------------
Optimization Results (Top 128 samples optimized):
Original Score Mean: -3.2621
Optimized Score Mean (valid only): 0.4651
Optimized Score Max (valid only):  0.6494
Normalized Percentile Scores (100th / 80th / 50th): 0.6494 | 0.5128 | 0.4484
Average Improvement (valid only):  3.7272
------------------------------
Seed: 1 completed
Experiment: TFBind8-Exact-v0 | Device: cuda
Loading task: TFBind8-Exact-v0...
Data Processed (One-Hot+Noise). X_dim=32. Y_norm Mean=0.00, Std=1.00
Strategy: Optimize Bottom 50% -> Top 50%
Pools: Source=16448, Target=6580
Starting Semantic Pairing (Pools: Low=16448, High=6580)...
Pairing complete. Created 16448 pairs.
Model Input Dimension: 32

Training Score Proxy (for Guidance)...
Proxy Training Data Shape: torch.Size([32896, 32])
Proxy Epoch 10/50 | Loss: 0.3184
Proxy Epoch 20/50 | Loss: 0.1649
Proxy Epoch 30/50 | Loss: 0.0120
Proxy Epoch 40/50 | Loss: 0.0235
Proxy Epoch 50/50 | Loss: 0.0111

Start Training Flow Model...
Flow Epoch 10/100 | Loss: 0.504499
Flow Epoch 20/100 | Loss: 0.415466
Flow Epoch 30/100 | Loss: 0.377744
Flow Epoch 40/100 | Loss: 0.353932
Flow Epoch 50/100 | Loss: 0.335210
Flow Epoch 60/100 | Loss: 0.320379
Flow Epoch 70/100 | Loss: 0.310213
Flow Epoch 80/100 | Loss: 0.298380
Flow Epoch 90/100 | Loss: 0.291785
Flow Epoch 100/100 | Loss: 0.287005

Running Evaluation with Guidance...
Max Training Sigma: 1.4803
Conditioning on Target Score: 1.6283
iteration, guidance_scale 0 1.0
x_reshaped.shape
torch.Size([128, 8, 4])
------------------------------
Optimization Results (Top 128 samples optimized):
Original Score Mean: -3.2621
Optimized Score Mean (valid only): 0.4395
Optimized Score Max (valid only):  0.8546
Normalized Percentile Scores (100th / 80th / 50th): 0.8546 | 0.4803 | 0.4392
Average Improvement (valid only):  3.7016
------------------------------
Seed: 2 completed
Experiment: TFBind8-Exact-v0 | Device: cuda
Loading task: TFBind8-Exact-v0...
Data Processed (One-Hot+Noise). X_dim=32. Y_norm Mean=0.00, Std=1.00
Strategy: Optimize Bottom 50% -> Top 50%
Pools: Source=16448, Target=6580
Starting Semantic Pairing (Pools: Low=16448, High=6580)...
Pairing complete. Created 16448 pairs.
Model Input Dimension: 32

Training Score Proxy (for Guidance)...
Proxy Training Data Shape: torch.Size([32896, 32])
Proxy Epoch 10/50 | Loss: 0.0351
Proxy Epoch 20/50 | Loss: 0.0468
Proxy Epoch 30/50 | Loss: 0.0395
Proxy Epoch 40/50 | Loss: 0.0099
Proxy Epoch 50/50 | Loss: 0.0076

Start Training Flow Model...
Flow Epoch 10/100 | Loss: 0.507197
Flow Epoch 20/100 | Loss: 0.416131
Flow Epoch 30/100 | Loss: 0.373061
Flow Epoch 40/100 | Loss: 0.352260
Flow Epoch 50/100 | Loss: 0.333067
Flow Epoch 60/100 | Loss: 0.320542
Flow Epoch 70/100 | Loss: 0.307983
Flow Epoch 80/100 | Loss: 0.296881
Flow Epoch 90/100 | Loss: 0.287192
Flow Epoch 100/100 | Loss: 0.280080

Running Evaluation with Guidance...
Max Training Sigma: 1.4803
Conditioning on Target Score: 1.6283
iteration, guidance_scale 0 1.0
x_reshaped.shape
torch.Size([128, 8, 4])
------------------------------
Optimization Results (Top 128 samples optimized):
Original Score Mean: -3.2621
Optimized Score Mean (valid only): 0.2720
Optimized Score Max (valid only):  0.4391
Normalized Percentile Scores (100th / 80th / 50th): 0.4391 | 0.2950 | 0.2950
Average Improvement (valid only):  3.5340
------------------------------
Seed: 3 completed
Experiment: TFBind8-Exact-v0 | Device: cuda
Loading task: TFBind8-Exact-v0...
Data Processed (One-Hot+Noise). X_dim=32. Y_norm Mean=0.00, Std=1.00
Strategy: Optimize Bottom 50% -> Top 50%
Pools: Source=16448, Target=6580
Starting Semantic Pairing (Pools: Low=16448, High=6580)...
Pairing complete. Created 16448 pairs.
Model Input Dimension: 32

Training Score Proxy (for Guidance)...
Proxy Training Data Shape: torch.Size([32896, 32])
Proxy Epoch 10/50 | Loss: 0.3019
Proxy Epoch 20/50 | Loss: 0.1754
Proxy Epoch 30/50 | Loss: 0.0145
Proxy Epoch 40/50 | Loss: 0.0209
Proxy Epoch 50/50 | Loss: 0.0119

Start Training Flow Model...
Flow Epoch 10/100 | Loss: 0.511618
Flow Epoch 20/100 | Loss: 0.419335
Flow Epoch 30/100 | Loss: 0.378568
Flow Epoch 40/100 | Loss: 0.355229
Flow Epoch 50/100 | Loss: 0.337535
Flow Epoch 60/100 | Loss: 0.323449
Flow Epoch 70/100 | Loss: 0.308458
Flow Epoch 80/100 | Loss: 0.298703
Flow Epoch 90/100 | Loss: 0.289722
Flow Epoch 100/100 | Loss: 0.284126

Running Evaluation with Guidance...
Max Training Sigma: 1.4803
Conditioning on Target Score: 1.6283
iteration, guidance_scale 0 1.0
x_reshaped.shape
torch.Size([128, 8, 4])
------------------------------
Optimization Results (Top 128 samples optimized):
Original Score Mean: -3.2621
Optimized Score Mean (valid only): 0.5160
Optimized Score Max (valid only):  0.8420
Normalized Percentile Scores (100th / 80th / 50th): 0.8420 | 0.6276 | 0.5064
Average Improvement (valid only):  3.7780
------------------------------
Seed: 4 completed
Experiment: TFBind8-Exact-v0 | Device: cuda
Loading task: TFBind8-Exact-v0...
Data Processed (One-Hot+Noise). X_dim=32. Y_norm Mean=0.00, Std=1.00
Strategy: Optimize Bottom 50% -> Top 50%
Pools: Source=16448, Target=6580
Starting Semantic Pairing (Pools: Low=16448, High=6580)...
Pairing complete. Created 16448 pairs.
Model Input Dimension: 32

Training Score Proxy (for Guidance)...
Proxy Training Data Shape: torch.Size([32896, 32])
Proxy Epoch 10/50 | Loss: 0.3838
Proxy Epoch 20/50 | Loss: 0.1686
Proxy Epoch 30/50 | Loss: 0.0110
Proxy Epoch 40/50 | Loss: 0.0254
Proxy Epoch 50/50 | Loss: 0.0117

Start Training Flow Model...
Flow Epoch 10/100 | Loss: 0.514092
Flow Epoch 20/100 | Loss: 0.421324
Flow Epoch 30/100 | Loss: 0.379777
Flow Epoch 40/100 | Loss: 0.354348
Flow Epoch 50/100 | Loss: 0.332706
Flow Epoch 60/100 | Loss: 0.319377
Flow Epoch 70/100 | Loss: 0.306380
Flow Epoch 80/100 | Loss: 0.291124
Flow Epoch 90/100 | Loss: 0.278340
Flow Epoch 100/100 | Loss: 0.269684

Running Evaluation with Guidance...
Max Training Sigma: 1.4803
Conditioning on Target Score: 1.6283
iteration, guidance_scale 0 1.0
x_reshaped.shape
torch.Size([128, 8, 4])
------------------------------
Optimization Results (Top 128 samples optimized):
Original Score Mean: -3.2621
Optimized Score Mean (valid only): 0.3504
Optimized Score Max (valid only):  0.5800
Normalized Percentile Scores (100th / 80th / 50th): 0.5800 | 0.3850 | 0.3550
Average Improvement (valid only):  3.6125
------------------------------
Seed: 5 completed
Experiment: TFBind8-Exact-v0 | Device: cuda
Loading task: TFBind8-Exact-v0...
Data Processed (One-Hot+Noise). X_dim=32. Y_norm Mean=0.00, Std=1.00
Strategy: Optimize Bottom 50% -> Top 50%
Pools: Source=16448, Target=6580
Starting Semantic Pairing (Pools: Low=16448, High=6580)...
Pairing complete. Created 16448 pairs.
Model Input Dimension: 32

Training Score Proxy (for Guidance)...
Proxy Training Data Shape: torch.Size([32896, 32])
Proxy Epoch 10/50 | Loss: 0.3559
Proxy Epoch 20/50 | Loss: 0.1818
Proxy Epoch 30/50 | Loss: 0.0132
Proxy Epoch 40/50 | Loss: 0.0276
Proxy Epoch 50/50 | Loss: 0.0125

Start Training Flow Model...
Flow Epoch 10/100 | Loss: 0.514744
Flow Epoch 20/100 | Loss: 0.427802
Flow Epoch 30/100 | Loss: 0.385333
Flow Epoch 40/100 | Loss: 0.359667
Flow Epoch 50/100 | Loss: 0.342706
Flow Epoch 60/100 | Loss: 0.325984
Flow Epoch 70/100 | Loss: 0.314194
Flow Epoch 80/100 | Loss: 0.304714
Flow Epoch 90/100 | Loss: 0.295719
Flow Epoch 100/100 | Loss: 0.288020

Running Evaluation with Guidance...
Max Training Sigma: 1.4803
Conditioning on Target Score: 1.6283
iteration, guidance_scale 0 1.0
x_reshaped.shape
torch.Size([128, 8, 4])
------------------------------
Optimization Results (Top 128 samples optimized):
Original Score Mean: -3.2621
Optimized Score Mean (valid only): 0.3703
Optimized Score Max (valid only):  0.8911
Normalized Percentile Scores (100th / 80th / 50th): 0.8911 | 0.5018 | 0.3215
Average Improvement (valid only):  3.6323
------------------------------
Seed: 6 completed
Experiment: TFBind8-Exact-v0 | Device: cuda
Loading task: TFBind8-Exact-v0...
Data Processed (One-Hot+Noise). X_dim=32. Y_norm Mean=0.00, Std=1.00
Strategy: Optimize Bottom 50% -> Top 50%
Pools: Source=16448, Target=6580
Starting Semantic Pairing (Pools: Low=16448, High=6580)...
Pairing complete. Created 16448 pairs.
Model Input Dimension: 32

Training Score Proxy (for Guidance)...
Proxy Training Data Shape: torch.Size([32896, 32])
Proxy Epoch 10/50 | Loss: 0.4376
Proxy Epoch 20/50 | Loss: 0.1645
Proxy Epoch 30/50 | Loss: 0.0120
Proxy Epoch 40/50 | Loss: 0.0304
Proxy Epoch 50/50 | Loss: 0.0108

Start Training Flow Model...
Flow Epoch 10/100 | Loss: 0.513069
Flow Epoch 20/100 | Loss: 0.422314
Flow Epoch 30/100 | Loss: 0.382193
Flow Epoch 40/100 | Loss: 0.358887
Flow Epoch 50/100 | Loss: 0.339825
Flow Epoch 60/100 | Loss: 0.324024
Flow Epoch 70/100 | Loss: 0.313761
Flow Epoch 80/100 | Loss: 0.303552
Flow Epoch 90/100 | Loss: 0.288870
Flow Epoch 100/100 | Loss: 0.278326

Running Evaluation with Guidance...
Max Training Sigma: 1.4803
Conditioning on Target Score: 1.6283
iteration, guidance_scale 0 1.0
x_reshaped.shape
torch.Size([128, 8, 4])
------------------------------
Optimization Results (Top 128 samples optimized):
Original Score Mean: -3.2621
Optimized Score Mean (valid only): 0.5116
Optimized Score Max (valid only):  0.8883
Normalized Percentile Scores (100th / 80th / 50th): 0.8883 | 0.6623 | 0.4512
Average Improvement (valid only):  3.7737
------------------------------
Seed: 7 completed
