nohup: 忽略输入
Experiment: TFBind8-Exact-v0 | Device: cuda
Loading task: TFBind8-Exact-v0...
Data Processed (One-Hot+Noise). X_dim=32. Y_norm Mean=0.00, Std=1.00
Strategy: Optimize Bottom 50% -> Top 50%
Pools: Source=16448, Target=6580
Starting Semantic Pairing (Pools: Low=16448, High=6580)...
Pairing complete. Created 16448 pairs.
Model Input Dimension: 32

Training Score Proxy (for Guidance)...
Proxy Training Data Shape: torch.Size([32896, 32])
Proxy Epoch 10/50 | Loss: 0.3429
Proxy Epoch 20/50 | Loss: 0.1863
Proxy Epoch 30/50 | Loss: 0.0131
Proxy Epoch 40/50 | Loss: 0.0269
Proxy Epoch 50/50 | Loss: 0.0132

Start Training Flow Model...
Flow Epoch 10/100 | Loss: 0.511610
Flow Epoch 20/100 | Loss: 0.421080
Flow Epoch 30/100 | Loss: 0.379737
Flow Epoch 40/100 | Loss: 0.353987
Flow Epoch 50/100 | Loss: 0.335134
Flow Epoch 60/100 | Loss: 0.320431
Flow Epoch 70/100 | Loss: 0.305305
Flow Epoch 80/100 | Loss: 0.295326
Flow Epoch 90/100 | Loss: 0.284445
Flow Epoch 100/100 | Loss: 0.276272

Running Evaluation with Guidance...
Max Training Sigma: 1.4803
Conditioning on Target Score: 2.9605
------------------------------
Optimization Results (Top 128 samples optimized):
Original Score Mean: -3.2621
Optimized Score Mean (valid only): 0.5933
Optimized Score Max (valid only):  0.5933
Normalized Percentile Scores (100th / 80th / 50th): 0.5933 | 0.5933 | 0.5933
Average Improvement (valid only):  3.8554
------------------------------
Seed: 0 completed
Experiment: TFBind8-Exact-v0 | Device: cuda
Loading task: TFBind8-Exact-v0...
Data Processed (One-Hot+Noise). X_dim=32. Y_norm Mean=0.00, Std=1.00
Strategy: Optimize Bottom 50% -> Top 50%
Pools: Source=16448, Target=6580
Starting Semantic Pairing (Pools: Low=16448, High=6580)...
Pairing complete. Created 16448 pairs.
Model Input Dimension: 32

Training Score Proxy (for Guidance)...
Proxy Training Data Shape: torch.Size([32896, 32])
Proxy Epoch 10/50 | Loss: 0.1604
Proxy Epoch 20/50 | Loss: 0.1516
Proxy Epoch 30/50 | Loss: 0.0243
Proxy Epoch 40/50 | Loss: 0.0157
Proxy Epoch 50/50 | Loss: 0.0136

Start Training Flow Model...
Flow Epoch 10/100 | Loss: 0.514632
Flow Epoch 20/100 | Loss: 0.423468
Flow Epoch 30/100 | Loss: 0.385449
Flow Epoch 40/100 | Loss: 0.360486
Flow Epoch 50/100 | Loss: 0.339516
Flow Epoch 60/100 | Loss: 0.322989
Flow Epoch 70/100 | Loss: 0.309706
Flow Epoch 80/100 | Loss: 0.298902
Flow Epoch 90/100 | Loss: 0.286509
Flow Epoch 100/100 | Loss: 0.277517

Running Evaluation with Guidance...
Max Training Sigma: 1.4803
Conditioning on Target Score: 2.9605
------------------------------
Optimization Results (Top 128 samples optimized):
Original Score Mean: -3.2621
Optimized Score Mean (valid only): 0.3878
Optimized Score Max (valid only):  0.5406
Normalized Percentile Scores (100th / 80th / 50th): 0.5406 | 0.3951 | 0.3951
Average Improvement (valid only):  3.6498
------------------------------
Seed: 1 completed
Experiment: TFBind8-Exact-v0 | Device: cuda
Loading task: TFBind8-Exact-v0...
Data Processed (One-Hot+Noise). X_dim=32. Y_norm Mean=0.00, Std=1.00
Strategy: Optimize Bottom 50% -> Top 50%
Pools: Source=16448, Target=6580
Starting Semantic Pairing (Pools: Low=16448, High=6580)...
Pairing complete. Created 16448 pairs.
Model Input Dimension: 32

Training Score Proxy (for Guidance)...
Proxy Training Data Shape: torch.Size([32896, 32])
Proxy Epoch 10/50 | Loss: 0.3184
Proxy Epoch 20/50 | Loss: 0.1649
Proxy Epoch 30/50 | Loss: 0.0120
Proxy Epoch 40/50 | Loss: 0.0235
Proxy Epoch 50/50 | Loss: 0.0111

Start Training Flow Model...
Flow Epoch 10/100 | Loss: 0.504499
Flow Epoch 20/100 | Loss: 0.415466
Flow Epoch 30/100 | Loss: 0.377744
Flow Epoch 40/100 | Loss: 0.353932
Flow Epoch 50/100 | Loss: 0.335210
Flow Epoch 60/100 | Loss: 0.320379
Flow Epoch 70/100 | Loss: 0.310213
Flow Epoch 80/100 | Loss: 0.298380
Flow Epoch 90/100 | Loss: 0.291785
Flow Epoch 100/100 | Loss: 0.287005

Running Evaluation with Guidance...
Max Training Sigma: 1.4803
Conditioning on Target Score: 2.9605
------------------------------
Optimization Results (Top 128 samples optimized):
Original Score Mean: -3.2621
Optimized Score Mean (valid only): 0.6551
Optimized Score Max (valid only):  0.6651
Normalized Percentile Scores (100th / 80th / 50th): 0.6651 | 0.6651 | 0.6651
Average Improvement (valid only):  3.9171
------------------------------
Seed: 2 completed
Experiment: TFBind8-Exact-v0 | Device: cuda
Loading task: TFBind8-Exact-v0...
Data Processed (One-Hot+Noise). X_dim=32. Y_norm Mean=0.00, Std=1.00
Strategy: Optimize Bottom 50% -> Top 50%
Pools: Source=16448, Target=6580
Starting Semantic Pairing (Pools: Low=16448, High=6580)...
Pairing complete. Created 16448 pairs.
Model Input Dimension: 32

Training Score Proxy (for Guidance)...
Proxy Training Data Shape: torch.Size([32896, 32])
Proxy Epoch 10/50 | Loss: 0.0351
Proxy Epoch 20/50 | Loss: 0.0468
Proxy Epoch 30/50 | Loss: 0.0395
Proxy Epoch 40/50 | Loss: 0.0099
Proxy Epoch 50/50 | Loss: 0.0076

Start Training Flow Model...
Flow Epoch 10/100 | Loss: 0.507197
Flow Epoch 20/100 | Loss: 0.416131
Flow Epoch 30/100 | Loss: 0.373061
Flow Epoch 40/100 | Loss: 0.352260
Flow Epoch 50/100 | Loss: 0.333067
Flow Epoch 60/100 | Loss: 0.320542
Flow Epoch 70/100 | Loss: 0.307983
Flow Epoch 80/100 | Loss: 0.296881
Flow Epoch 90/100 | Loss: 0.287192
