nohup: 忽略输入
Experiment: TFBind8-Exact-v0 | Device: cuda
Loading task: TFBind8-Exact-v0...
Data Processed (One-Hot+Noise). X_dim=32. Y_norm Mean=0.00, Std=1.00
Strategy: Optimize Bottom 50% -> Top 50%
Pools: Source=16448, Target=6580
Starting Semantic Pairing (Pools: Low=16448, High=6580)...
Pairing complete. Created 16448 pairs.
Model Input Dimension: 32

Training Score Proxy (for Guidance)...
Proxy Training Data Shape: torch.Size([32898, 32])
Proxy Epoch 10/50 | Loss: 0.8937
Proxy Epoch 20/50 | Loss: 0.8667
Proxy Epoch 30/50 | Loss: 0.8470
Proxy Epoch 40/50 | Loss: 0.8280
Proxy Epoch 50/50 | Loss: 0.8095

Start Training Flow Model...
Flow Epoch 10/100 | Loss: 0.513036
Flow Epoch 20/100 | Loss: 0.423576
Flow Epoch 30/100 | Loss: 0.385674
Flow Epoch 40/100 | Loss: 0.358903
Flow Epoch 50/100 | Loss: 0.340364
Flow Epoch 60/100 | Loss: 0.323361
Flow Epoch 70/100 | Loss: 0.309274
Flow Epoch 80/100 | Loss: 0.298698
Flow Epoch 90/100 | Loss: 0.289014
Flow Epoch 100/100 | Loss: 0.279920

Running Evaluation with Guidance...
Max Training Sigma: 1.4803
Conditioning on Target Score: 1.6283
iteration, guidance_scale 0 20.0
x_reshaped.shape
torch.Size([128, 8, 4])
------------------------------
Optimization Results (Top 128 samples optimized):
Original Score Mean: -3.2621
Optimized Score Mean (valid only): 0.6619
Optimized Score Max (valid only):  0.8450
Normalized Percentile Scores (100th / 80th / 50th): 0.8450 | 0.7699 | 0.6412
Average Improvement (valid only):  3.9240
------------------------------
Seed: 0 completed
Experiment: TFBind8-Exact-v0 | Device: cuda
Loading task: TFBind8-Exact-v0...
Data Processed (One-Hot+Noise). X_dim=32. Y_norm Mean=0.00, Std=1.00
Strategy: Optimize Bottom 50% -> Top 50%
Pools: Source=16448, Target=6580
Starting Semantic Pairing (Pools: Low=16448, High=6580)...
Pairing complete. Created 16448 pairs.
Model Input Dimension: 32

Training Score Proxy (for Guidance)...
Proxy Training Data Shape: torch.Size([32898, 32])
Proxy Epoch 10/50 | Loss: 0.8921
Proxy Epoch 20/50 | Loss: 0.8633
Proxy Epoch 30/50 | Loss: 0.8395
Proxy Epoch 40/50 | Loss: 0.8182
Proxy Epoch 50/50 | Loss: 0.8007

Start Training Flow Model...
Flow Epoch 10/100 | Loss: 0.512682
Flow Epoch 20/100 | Loss: 0.419255
Flow Epoch 30/100 | Loss: 0.381799
Flow Epoch 40/100 | Loss: 0.355171
Flow Epoch 50/100 | Loss: 0.336539
Flow Epoch 60/100 | Loss: 0.321483
Flow Epoch 70/100 | Loss: 0.305847
Flow Epoch 80/100 | Loss: 0.293825
Flow Epoch 90/100 | Loss: 0.283073
Flow Epoch 100/100 | Loss: 0.271798

Running Evaluation with Guidance...
Max Training Sigma: 1.4803
Conditioning on Target Score: 1.6283
iteration, guidance_scale 0 20.0
x_reshaped.shape
torch.Size([128, 8, 4])
------------------------------
Optimization Results (Top 128 samples optimized):
Original Score Mean: -3.2621
Optimized Score Mean (valid only): 0.5003
Optimized Score Max (valid only):  0.8351
Normalized Percentile Scores (100th / 80th / 50th): 0.8351 | 0.6056 | 0.4828
Average Improvement (valid only):  3.7624
------------------------------
Seed: 1 completed
Experiment: TFBind8-Exact-v0 | Device: cuda
Loading task: TFBind8-Exact-v0...
Data Processed (One-Hot+Noise). X_dim=32. Y_norm Mean=0.00, Std=1.00
Strategy: Optimize Bottom 50% -> Top 50%
Pools: Source=16448, Target=6580
Starting Semantic Pairing (Pools: Low=16448, High=6580)...
Pairing complete. Created 16448 pairs.
Model Input Dimension: 32

Training Score Proxy (for Guidance)...
Proxy Training Data Shape: torch.Size([32898, 32])
Proxy Epoch 10/50 | Loss: 0.9007
Proxy Epoch 20/50 | Loss: 0.8676
Proxy Epoch 30/50 | Loss: 0.8455
Proxy Epoch 40/50 | Loss: 0.8262
Proxy Epoch 50/50 | Loss: 0.8086

Start Training Flow Model...
Flow Epoch 10/100 | Loss: 0.502973
Flow Epoch 20/100 | Loss: 0.419045
Flow Epoch 30/100 | Loss: 0.383785
Flow Epoch 40/100 | Loss: 0.358361
Flow Epoch 50/100 | Loss: 0.342022
Flow Epoch 60/100 | Loss: 0.326694
Flow Epoch 70/100 | Loss: 0.315978
Flow Epoch 80/100 | Loss: 0.305582
Flow Epoch 90/100 | Loss: 0.299489
Flow Epoch 100/100 | Loss: 0.295499

Running Evaluation with Guidance...
Max Training Sigma: 1.4803
Conditioning on Target Score: 1.6283
iteration, guidance_scale 0 20.0
x_reshaped.shape
torch.Size([128, 8, 4])
------------------------------
Optimization Results (Top 128 samples optimized):
Original Score Mean: -3.2621
Optimized Score Mean (valid only): 0.6796
Optimized Score Max (valid only):  0.9885
Normalized Percentile Scores (100th / 80th / 50th): 0.9885 | 0.8253 | 0.6819
Average Improvement (valid only):  3.9416
------------------------------
Seed: 2 completed
Experiment: TFBind8-Exact-v0 | Device: cuda
Loading task: TFBind8-Exact-v0...
Data Processed (One-Hot+Noise). X_dim=32. Y_norm Mean=0.00, Std=1.00
Strategy: Optimize Bottom 50% -> Top 50%
Pools: Source=16448, Target=6580
Starting Semantic Pairing (Pools: Low=16448, High=6580)...
Pairing complete. Created 16448 pairs.
Model Input Dimension: 32

Training Score Proxy (for Guidance)...
Proxy Training Data Shape: torch.Size([32898, 32])
Proxy Epoch 10/50 | Loss: 0.9217
Proxy Epoch 20/50 | Loss: 0.8748
Proxy Epoch 30/50 | Loss: 0.8589
Proxy Epoch 40/50 | Loss: 0.8439
Proxy Epoch 50/50 | Loss: 0.8283

Start Training Flow Model...
Flow Epoch 10/100 | Loss: 0.514749
Flow Epoch 20/100 | Loss: 0.430195
Flow Epoch 30/100 | Loss: 0.391561
Flow Epoch 40/100 | Loss: 0.368100
Flow Epoch 50/100 | Loss: 0.346826
Flow Epoch 60/100 | Loss: 0.334991
Flow Epoch 70/100 | Loss: 0.319823
Flow Epoch 80/100 | Loss: 0.310898
Flow Epoch 90/100 | Loss: 0.298572
Flow Epoch 100/100 | Loss: 0.290390

Running Evaluation with Guidance...
Max Training Sigma: 1.4803
Conditioning on Target Score: 1.6283
iteration, guidance_scale 0 20.0
x_reshaped.shape
torch.Size([128, 8, 4])
------------------------------
Optimization Results (Top 128 samples optimized):
Original Score Mean: -3.2621
Optimized Score Mean (valid only): 0.4592
Optimized Score Max (valid only):  0.8884
Normalized Percentile Scores (100th / 80th / 50th): 0.8884 | 0.5428 | 0.4393
Average Improvement (valid only):  3.7213
------------------------------
Seed: 3 completed
Experiment: TFBind8-Exact-v0 | Device: cuda
Loading task: TFBind8-Exact-v0...
Data Processed (One-Hot+Noise). X_dim=32. Y_norm Mean=0.00, Std=1.00
Strategy: Optimize Bottom 50% -> Top 50%
Pools: Source=16448, Target=6580
Starting Semantic Pairing (Pools: Low=16448, High=6580)...
Pairing complete. Created 16448 pairs.
Model Input Dimension: 32

Training Score Proxy (for Guidance)...
Proxy Training Data Shape: torch.Size([32898, 32])
Proxy Epoch 10/50 | Loss: 0.8944
Proxy Epoch 20/50 | Loss: 0.8671
Proxy Epoch 30/50 | Loss: 0.8444
Proxy Epoch 40/50 | Loss: 0.8253
Proxy Epoch 50/50 | Loss: 0.8077

Start Training Flow Model...
Flow Epoch 10/100 | Loss: 0.506443
Flow Epoch 20/100 | Loss: 0.417016
Flow Epoch 30/100 | Loss: 0.375245
Flow Epoch 40/100 | Loss: 0.346401
Flow Epoch 50/100 | Loss: 0.326378
Flow Epoch 60/100 | Loss: 0.310709
Flow Epoch 70/100 | Loss: 0.295871
Flow Epoch 80/100 | Loss: 0.283809
Flow Epoch 90/100 | Loss: 0.272414
Flow Epoch 100/100 | Loss: 0.262086

Running Evaluation with Guidance...
Max Training Sigma: 1.4803
Conditioning on Target Score: 1.6283
iteration, guidance_scale 0 20.0
x_reshaped.shape
torch.Size([128, 8, 4])
------------------------------
Optimization Results (Top 128 samples optimized):
Original Score Mean: -3.2621
Optimized Score Mean (valid only): 0.6620
Optimized Score Max (valid only):  0.8890
Normalized Percentile Scores (100th / 80th / 50th): 0.8890 | 0.7610 | 0.6533
Average Improvement (valid only):  3.9241
------------------------------
Seed: 4 completed
Experiment: TFBind8-Exact-v0 | Device: cuda
Loading task: TFBind8-Exact-v0...
Data Processed (One-Hot+Noise). X_dim=32. Y_norm Mean=0.00, Std=1.00
Strategy: Optimize Bottom 50% -> Top 50%
Pools: Source=16448, Target=6580
Starting Semantic Pairing (Pools: Low=16448, High=6580)...
Pairing complete. Created 16448 pairs.
Model Input Dimension: 32

Training Score Proxy (for Guidance)...
Proxy Training Data Shape: torch.Size([32898, 32])
Proxy Epoch 10/50 | Loss: 0.8910
Proxy Epoch 20/50 | Loss: 0.8657
Proxy Epoch 30/50 | Loss: 0.8455
Proxy Epoch 40/50 | Loss: 0.8260
Proxy Epoch 50/50 | Loss: 0.8065

Start Training Flow Model...
Flow Epoch 10/100 | Loss: 0.507638
Flow Epoch 20/100 | Loss: 0.419969
Flow Epoch 30/100 | Loss: 0.382123
Flow Epoch 40/100 | Loss: 0.356897
Flow Epoch 50/100 | Loss: 0.338658
Flow Epoch 60/100 | Loss: 0.324802
Flow Epoch 70/100 | Loss: 0.315678
Flow Epoch 80/100 | Loss: 0.303318
Flow Epoch 90/100 | Loss: 0.292363
Flow Epoch 100/100 | Loss: 0.286299

Running Evaluation with Guidance...
Max Training Sigma: 1.4803
Conditioning on Target Score: 1.6283
iteration, guidance_scale 0 20.0
x_reshaped.shape
torch.Size([128, 8, 4])
------------------------------
Optimization Results (Top 128 samples optimized):
Original Score Mean: -3.2621
Optimized Score Mean (valid only): 0.6361
Optimized Score Max (valid only):  0.9707
Normalized Percentile Scores (100th / 80th / 50th): 0.9707 | 0.7591 | 0.6578
Average Improvement (valid only):  3.8982
------------------------------
Seed: 5 completed
Experiment: TFBind8-Exact-v0 | Device: cuda
Loading task: TFBind8-Exact-v0...
Data Processed (One-Hot+Noise). X_dim=32. Y_norm Mean=0.00, Std=1.00
Strategy: Optimize Bottom 50% -> Top 50%
Pools: Source=16448, Target=6580
Starting Semantic Pairing (Pools: Low=16448, High=6580)...
Pairing complete. Created 16448 pairs.
Model Input Dimension: 32

Training Score Proxy (for Guidance)...
Proxy Training Data Shape: torch.Size([32898, 32])
Proxy Epoch 10/50 | Loss: 0.9072
Proxy Epoch 20/50 | Loss: 0.8702
Proxy Epoch 30/50 | Loss: 0.8510
Proxy Epoch 40/50 | Loss: 0.8341
Proxy Epoch 50/50 | Loss: 0.8172

Start Training Flow Model...
Flow Epoch 10/100 | Loss: 0.513146
Flow Epoch 20/100 | Loss: 0.420147
Flow Epoch 30/100 | Loss: 0.379688
Flow Epoch 40/100 | Loss: 0.354853
Flow Epoch 50/100 | Loss: 0.338376
Flow Epoch 60/100 | Loss: 0.321715
Flow Epoch 70/100 | Loss: 0.306828
Flow Epoch 80/100 | Loss: 0.300189
Flow Epoch 90/100 | Loss: 0.286136
Flow Epoch 100/100 | Loss: 0.279441

Running Evaluation with Guidance...
Max Training Sigma: 1.4803
Conditioning on Target Score: 1.6283
iteration, guidance_scale 0 20.0
x_reshaped.shape
torch.Size([128, 8, 4])
------------------------------
Optimization Results (Top 128 samples optimized):
Original Score Mean: -3.2621
Optimized Score Mean (valid only): 0.6325
Optimized Score Max (valid only):  0.9488
Normalized Percentile Scores (100th / 80th / 50th): 0.9488 | 0.7319 | 0.6256
Average Improvement (valid only):  3.8945
------------------------------
Seed: 6 completed
Experiment: TFBind8-Exact-v0 | Device: cuda
Loading task: TFBind8-Exact-v0...
Data Processed (One-Hot+Noise). X_dim=32. Y_norm Mean=0.00, Std=1.00
Strategy: Optimize Bottom 50% -> Top 50%
Pools: Source=16448, Target=6580
Starting Semantic Pairing (Pools: Low=16448, High=6580)...
Pairing complete. Created 16448 pairs.
Model Input Dimension: 32

Training Score Proxy (for Guidance)...
Proxy Training Data Shape: torch.Size([32898, 32])
Proxy Epoch 10/50 | Loss: 0.9166
Proxy Epoch 20/50 | Loss: 0.8686
Proxy Epoch 30/50 | Loss: 0.8512
Proxy Epoch 40/50 | Loss: 0.8345
Proxy Epoch 50/50 | Loss: 0.8175

Start Training Flow Model...
Flow Epoch 10/100 | Loss: 0.512149
Flow Epoch 20/100 | Loss: 0.421997
Flow Epoch 30/100 | Loss: 0.383538
Flow Epoch 40/100 | Loss: 0.359949
Flow Epoch 50/100 | Loss: 0.340861
Flow Epoch 60/100 | Loss: 0.323224
Flow Epoch 70/100 | Loss: 0.313329
Flow Epoch 80/100 | Loss: 0.301106
Flow Epoch 90/100 | Loss: 0.290157
Flow Epoch 100/100 | Loss: 0.280309

Running Evaluation with Guidance...
Max Training Sigma: 1.4803
Conditioning on Target Score: 1.6283
iteration, guidance_scale 0 20.0
x_reshaped.shape
torch.Size([128, 8, 4])
------------------------------
Optimization Results (Top 128 samples optimized):
Original Score Mean: -3.2621
Optimized Score Mean (valid only): 0.6326
Optimized Score Max (valid only):  0.9227
Normalized Percentile Scores (100th / 80th / 50th): 0.9227 | 0.7104 | 0.6624
Average Improvement (valid only):  3.8946
------------------------------
Seed: 7 completed
==============================
Average Normalized Percentile Scores across seeds (100th / 80th / 50th): 0.9110 | 0.7132 | 0.6055
Std of Normalized Percentile Scores across seeds (100th / 80th / 50th): 0.0527 | 0.0874 | 0.0855
==============================
